<?xml version="1.0" encoding="UTF-8"?>
<!-- Generated by org.testng.reporters.JUnitReportReporter -->
<testsuite hostname="LAPTOP-2OII0J81" failures="0" tests="3" name="testngPractise.TestngClass" time="0.012" errors="0" timestamp="2023-10-09T10:00:55 IST" skipped="0">
  <testcase classname="testngPractise.TestngClass" name="m1" time="0.010"/>
  <system-out/>
  <testcase classname="testngPractise.TestngClass" name="m2" time="0.001"/>
  <system-out/>
  <testcase classname="testngPractise.TestngClass" name="m3" time="0.001"/>
  <system-out/>
</testsuite> <!-- testngPractise.TestngClass -->
