<?xml version="1.0" encoding="UTF-8"?>
<!-- Generated by org.testng.reporters.JUnitReportReporter -->
<testsuite hostname="LAPTOP-2OII0J81" failures="0" tests="3" name="testngPractise.DatProviders" time="0.011" errors="0" timestamp="2023-10-07T11:03:55 IST" skipped="0">
  <testcase classname="testngPractise.DatProviders" name="execute" time="0.001"/>
  <system-out/>
  <testcase classname="testngPractise.DatProviders" name="execute" time="0.001"/>
  <system-out/>
  <testcase classname="testngPractise.DatProviders" name="execute" time="0.009"/>
  <system-out/>
</testsuite> <!-- testngPractise.DatProviders -->
