<?xml version="1.0" encoding="UTF-8"?>
<!-- Generated by org.testng.reporters.JUnitReportReporter -->
<testsuite hostname="LAPTOP-2OII0J81" failures="0" tests="1" name="testng.PractiseTest" time="27.908" errors="0" timestamp="2023-09-27T12:51:33 IST" skipped="0">
  <testcase classname="testng.PractiseTest" name="mockLoaction" time="27.908"/>
  <system-out/>
</testsuite> <!-- testng.PractiseTest -->
